{"C:\\Users\\domin\\Documents\\WebDev\\storefront-backend\\src\\app.ts": {"path":"C:\\Users\\domin\\Documents\\WebDev\\storefront-backend\\src\\app.ts","statementMap":{"0":{"start":{"line":1,"column":0},"end":{"line":1,"column":53}},"1":{"start":{"line":2,"column":0},"end":{"line":2,"column":42}},"2":{"start":{"line":3,"column":0},"end":{"line":3,"column":37}},"3":{"start":{"line":5,"column":33},"end":{"line":5,"column":42}},"4":{"start":{"line":7,"column":0},"end":{"line":7,"column":27}},"5":{"start":{"line":9,"column":0},"end":{"line":9,"column":31}},"6":{"start":{"line":11,"column":0},"end":{"line":13,"column":3}},"7":{"start":{"line":12,"column":2},"end":{"line":12,"column":27}},"8":{"start":{"line":15,"column":0},"end":{"line":15,"column":19}}},"fnMap":{"0":{"name":"(anonymous_1)","decl":{"start":{"line":11,"column":13},"end":{"line":11,"column":23}},"loc":{"start":{"line":11,"column":50},"end":{"line":13,"column":1}}}},"branchMap":{},"s":{"0":0,"1":0,"2":0,"3":0,"4":0,"5":0,"6":0,"7":0,"8":0},"f":{"0":0},"b":{}}
,"C:\\Users\\domin\\Documents\\WebDev\\storefront-backend\\src\\database.ts": {"path":"C:\\Users\\domin\\Documents\\WebDev\\storefront-backend\\src\\database.ts","statementMap":{"0":{"start":{"line":1,"column":0},"end":{"line":1,"column":33}},"1":{"start":{"line":2,"column":0},"end":{"line":2,"column":26}},"2":{"start":{"line":4,"column":0},"end":{"line":4,"column":16}},"3":{"start":{"line":13,"column":4},"end":{"line":13,"column":15}},"4":{"start":{"line":15,"column":0},"end":{"line":15,"column":37}},"5":{"start":{"line":17,"column":15},"end":{"line":22,"column":2}},"6":{"start":{"line":24,"column":0},"end":{"line":24,"column":22}}},"fnMap":{},"branchMap":{"0":{"loc":{"start":{"line":19,"column":12},"end":{"line":19,"column":64}},"type":"cond-expr","locations":[{"start":{"line":19,"column":34},"end":{"line":19,"column":50}},{"start":{"line":19,"column":53},"end":{"line":19,"column":64}}]}},"s":{"0":1,"1":1,"2":1,"3":1,"4":1,"5":1,"6":1},"f":{},"b":{"0":[1,0]}}
,"C:\\Users\\domin\\Documents\\WebDev\\storefront-backend\\src\\index.ts": {"path":"C:\\Users\\domin\\Documents\\WebDev\\storefront-backend\\src\\index.ts","statementMap":{"0":{"start":{"line":1,"column":0},"end":{"line":1,"column":24}},"1":{"start":{"line":3,"column":13},"end":{"line":3,"column":37}},"2":{"start":{"line":5,"column":0},"end":{"line":7,"column":3}},"3":{"start":{"line":6,"column":2},"end":{"line":6,"column":47}}},"fnMap":{"0":{"name":"(anonymous_1)","decl":{"start":{"line":5,"column":17},"end":{"line":5,"column":null}},"loc":{"start":{"line":5,"column":17},"end":{"line":7,"column":1}}}},"branchMap":{"0":{"loc":{"start":{"line":3,"column":13},"end":{"line":3,"column":37}},"type":"binary-expr","locations":[{"start":{"line":3,"column":13},"end":{"line":3,"column":29}},{"start":{"line":3,"column":33},"end":{"line":3,"column":37}}]}},"s":{"0":0,"1":0,"2":0,"3":0},"f":{"0":0},"b":{"0":[0,0]}}
,"C:\\Users\\domin\\Documents\\WebDev\\storefront-backend\\src\\handler\\books.ts": {"path":"C:\\Users\\domin\\Documents\\WebDev\\storefront-backend\\src\\handler\\books.ts","statementMap":{"0":{"start":{"line":1,"column":0},"end":{"line":1,"column":52}},"1":{"start":{"line":2,"column":0},"end":{"line":2,"column":49}},"2":{"start":{"line":4,"column":22},"end":{"line":4,"column":30}},"3":{"start":{"line":5,"column":14},"end":{"line":5,"column":29}},"4":{"start":{"line":7,"column":14},"end":{"line":15,"column":1}},"5":{"start":{"line":8,"column":2},"end":{"line":14,"column":null}},"6":{"start":{"line":9,"column":18},"end":{"line":9,"column":37}},"7":{"start":{"line":10,"column":4},"end":{"line":10,"column":20}},"8":{"start":{"line":12,"column":4},"end":{"line":12,"column":21}},"9":{"start":{"line":13,"column":4},"end":{"line":13,"column":20}},"10":{"start":{"line":17,"column":13},"end":{"line":26,"column":1}},"11":{"start":{"line":18,"column":2},"end":{"line":25,"column":null}},"12":{"start":{"line":19,"column":15},"end":{"line":19,"column":28}},"13":{"start":{"line":20,"column":17},"end":{"line":20,"column":37}},"14":{"start":{"line":21,"column":4},"end":{"line":21,"column":19}},"15":{"start":{"line":23,"column":4},"end":{"line":23,"column":21}},"16":{"start":{"line":24,"column":4},"end":{"line":24,"column":20}},"17":{"start":{"line":28,"column":15},"end":{"line":32,"column":1}},"18":{"start":{"line":29,"column":15},"end":{"line":29,"column":23}},"19":{"start":{"line":30,"column":18},"end":{"line":30,"column":42}},"20":{"start":{"line":31,"column":2},"end":{"line":31,"column":20}},"21":{"start":{"line":34,"column":15},"end":{"line":38,"column":1}},"22":{"start":{"line":35,"column":21},"end":{"line":35,"column":29}},"23":{"start":{"line":36,"column":22},"end":{"line":36,"column":46}},"24":{"start":{"line":37,"column":2},"end":{"line":37,"column":24}},"25":{"start":{"line":40,"column":16},"end":{"line":44,"column":1}},"26":{"start":{"line":41,"column":13},"end":{"line":41,"column":26}},"27":{"start":{"line":42,"column":15},"end":{"line":42,"column":37}},"28":{"start":{"line":43,"column":2},"end":{"line":43,"column":17}},"29":{"start":{"line":46,"column":0},"end":{"line":51,"column":27}},"30":{"start":{"line":53,"column":0},"end":{"line":53,"column":21}}},"fnMap":{"0":{"name":"(anonymous_0)","decl":{"start":{"line":7,"column":14},"end":{"line":7,"column":19}},"loc":{"start":{"line":7,"column":52},"end":{"line":15,"column":1}}},"1":{"name":"(anonymous_1)","decl":{"start":{"line":17,"column":13},"end":{"line":17,"column":18}},"loc":{"start":{"line":17,"column":51},"end":{"line":26,"column":1}}},"2":{"name":"(anonymous_2)","decl":{"start":{"line":28,"column":15},"end":{"line":28,"column":20}},"loc":{"start":{"line":28,"column":53},"end":{"line":32,"column":1}}},"3":{"name":"(anonymous_3)","decl":{"start":{"line":34,"column":15},"end":{"line":34,"column":20}},"loc":{"start":{"line":34,"column":53},"end":{"line":38,"column":1}}},"4":{"name":"(anonymous_4)","decl":{"start":{"line":40,"column":16},"end":{"line":40,"column":21}},"loc":{"start":{"line":40,"column":54},"end":{"line":44,"column":1}}}},"branchMap":{},"s":{"0":0,"1":0,"2":0,"3":0,"4":0,"5":0,"6":0,"7":0,"8":0,"9":0,"10":0,"11":0,"12":0,"13":0,"14":0,"15":0,"16":0,"17":0,"18":0,"19":0,"20":0,"21":0,"22":0,"23":0,"24":0,"25":0,"26":0,"27":0,"28":0,"29":0,"30":0},"f":{"0":0,"1":0,"2":0,"3":0,"4":0},"b":{}}
,"C:\\Users\\domin\\Documents\\WebDev\\storefront-backend\\src\\models\\book.ts": {"path":"C:\\Users\\domin\\Documents\\WebDev\\storefront-backend\\src\\models\\book.ts","statementMap":{"0":{"start":{"line":1,"column":0},"end":{"line":1,"column":33}},"1":{"start":{"line":14,"column":4},"end":{"line":22,"column":null}},"2":{"start":{"line":15,"column":19},"end":{"line":15,"column":41}},"3":{"start":{"line":16,"column":18},"end":{"line":16,"column":39}},"4":{"start":{"line":17,"column":21},"end":{"line":17,"column":42}},"5":{"start":{"line":18,"column":6},"end":{"line":18,"column":21}},"6":{"start":{"line":19,"column":6},"end":{"line":19,"column":25}},"7":{"start":{"line":21,"column":6},"end":{"line":21,"column":50}},"8":{"start":{"line":26,"column":4},"end":{"line":34,"column":null}},"9":{"start":{"line":27,"column":19},"end":{"line":27,"column":41}},"10":{"start":{"line":28,"column":18},"end":{"line":28,"column":53}},"11":{"start":{"line":29,"column":21},"end":{"line":29,"column":48}},"12":{"start":{"line":30,"column":6},"end":{"line":30,"column":21}},"13":{"start":{"line":31,"column":6},"end":{"line":31,"column":28}},"14":{"start":{"line":33,"column":6},"end":{"line":33,"column":49}},"15":{"start":{"line":38,"column":4},"end":{"line":53,"column":null}},"16":{"start":{"line":39,"column":19},"end":{"line":39,"column":41}},"17":{"start":{"line":41,"column":8},"end":{"line":41,"column":111}},"18":{"start":{"line":42,"column":21},"end":{"line":48,"column":8}},"19":{"start":{"line":49,"column":6},"end":{"line":49,"column":21}},"20":{"start":{"line":50,"column":6},"end":{"line":50,"column":28}},"21":{"start":{"line":52,"column":6},"end":{"line":52,"column":52}},"22":{"start":{"line":57,"column":4},"end":{"line":73,"column":null}},"23":{"start":{"line":58,"column":19},"end":{"line":58,"column":41}},"24":{"start":{"line":60,"column":8},"end":{"line":60,"column":119}},"25":{"start":{"line":61,"column":21},"end":{"line":68,"column":8}},"26":{"start":{"line":69,"column":6},"end":{"line":69,"column":21}},"27":{"start":{"line":70,"column":6},"end":{"line":70,"column":28}},"28":{"start":{"line":72,"column":6},"end":{"line":72,"column":52}},"29":{"start":{"line":77,"column":4},"end":{"line":85,"column":null}},"30":{"start":{"line":78,"column":19},"end":{"line":78,"column":41}},"31":{"start":{"line":79,"column":18},"end":{"line":79,"column":63}},"32":{"start":{"line":80,"column":21},"end":{"line":80,"column":48}},"33":{"start":{"line":81,"column":6},"end":{"line":81,"column":21}},"34":{"start":{"line":82,"column":6},"end":{"line":82,"column":28}},"35":{"start":{"line":84,"column":6},"end":{"line":84,"column":52}},"36":{"start":{"line":12,"column":0},"end":{"line":12,"column":13}}},"fnMap":{"0":{"name":"(anonymous_1)","decl":{"start":{"line":13,"column":2},"end":{"line":13,"column":7}},"loc":{"start":{"line":13,"column":13},"end":{"line":23,"column":3}}},"1":{"name":"(anonymous_2)","decl":{"start":{"line":25,"column":2},"end":{"line":25,"column":7}},"loc":{"start":{"line":25,"column":23},"end":{"line":35,"column":3}}},"2":{"name":"(anonymous_3)","decl":{"start":{"line":37,"column":2},"end":{"line":37,"column":7}},"loc":{"start":{"line":37,"column":37},"end":{"line":54,"column":3}}},"3":{"name":"(anonymous_4)","decl":{"start":{"line":56,"column":2},"end":{"line":56,"column":7}},"loc":{"start":{"line":56,"column":25},"end":{"line":74,"column":3}}},"4":{"name":"(anonymous_5)","decl":{"start":{"line":76,"column":2},"end":{"line":76,"column":7}},"loc":{"start":{"line":76,"column":25},"end":{"line":86,"column":3}}}},"branchMap":{},"s":{"0":1,"1":1,"2":1,"3":1,"4":1,"5":1,"6":1,"7":0,"8":0,"9":0,"10":0,"11":0,"12":0,"13":0,"14":0,"15":0,"16":0,"17":0,"18":0,"19":0,"20":0,"21":0,"22":0,"23":0,"24":0,"25":0,"26":0,"27":0,"28":0,"29":0,"30":0,"31":0,"32":0,"33":0,"34":0,"35":0,"36":1},"f":{"0":1,"1":0,"2":0,"3":0,"4":0},"b":{}}
}
